Started GET "/" for 127.0.0.1 at 2017-05-10 17:13:28 +0200
Processing by Rails::WelcomeController#index as HTML
  Rendering C:/RailsInstaller/Ruby2.2.0/lib/ruby/gems/2.2.0/gems/railties-5.1.0/lib/rails/templates/rails/welcome/index.html.erb
  Rendered C:/RailsInstaller/Ruby2.2.0/lib/ruby/gems/2.2.0/gems/railties-5.1.0/lib/rails/templates/rails/welcome/index.html.erb (4.0ms)
Completed 200 OK in 263ms (Views: 27.6ms)


Started GET "/" for 127.0.0.1 at 2017-05-12 17:33:22 +0200
Processing by Rails::WelcomeController#index as HTML
  Rendering C:/RailsInstaller/Ruby2.2.0/lib/ruby/gems/2.2.0/gems/railties-5.1.0/lib/rails/templates/rails/welcome/index.html.erb
  Rendered C:/RailsInstaller/Ruby2.2.0/lib/ruby/gems/2.2.0/gems/railties-5.1.0/lib/rails/templates/rails/welcome/index.html.erb (4.0ms)
Completed 200 OK in 307ms (Views: 27.7ms)


Started GET "/Ejercicio_URL_Shorter" for 127.0.0.1 at 2017-05-12 17:34:56 +0200
  
ActionController::RoutingError (No route matches [GET] "/Ejercicio_URL_Shorter"):
  
actionpack (5.1.0) lib/action_dispatch/middleware/debug_exceptions.rb:63:in `call'
web-console (3.5.0) lib/web_console/middleware.rb:135:in `call_app'
web-console (3.5.0) lib/web_console/middleware.rb:28:in `block in call'
web-console (3.5.0) lib/web_console/middleware.rb:18:in `catch'
web-console (3.5.0) lib/web_console/middleware.rb:18:in `call'
actionpack (5.1.0) lib/action_dispatch/middleware/show_exceptions.rb:31:in `call'
railties (5.1.0) lib/rails/rack/logger.rb:36:in `call_app'
railties (5.1.0) lib/rails/rack/logger.rb:24:in `block in call'
activesupport (5.1.0) lib/active_support/tagged_logging.rb:69:in `block in tagged'
activesupport (5.1.0) lib/active_support/tagged_logging.rb:26:in `tagged'
activesupport (5.1.0) lib/active_support/tagged_logging.rb:69:in `tagged'
railties (5.1.0) lib/rails/rack/logger.rb:24:in `call'
sprockets-rails (3.2.0) lib/sprockets/rails/quiet_assets.rb:13:in `call'
actionpack (5.1.0) lib/action_dispatch/middleware/remote_ip.rb:79:in `call'
actionpack (5.1.0) lib/action_dispatch/middleware/request_id.rb:25:in `call'
rack (2.0.2) lib/rack/method_override.rb:22:in `call'
rack (2.0.2) lib/rack/runtime.rb:22:in `call'
activesupport (5.1.0) lib/active_support/cache/strategy/local_cache_middleware.rb:27:in `call'
actionpack (5.1.0) lib/action_dispatch/middleware/executor.rb:12:in `call'
actionpack (5.1.0) lib/action_dispatch/middleware/static.rb:125:in `call'
rack (2.0.2) lib/rack/sendfile.rb:111:in `call'
railties (5.1.0) lib/rails/engine.rb:522:in `call'
puma (3.8.2) lib/puma/configuration.rb:224:in `call'
puma (3.8.2) lib/puma/server.rb:600:in `handle_request'
puma (3.8.2) lib/puma/server.rb:435:in `process_client'
puma (3.8.2) lib/puma/server.rb:299:in `block in run'
puma (3.8.2) lib/puma/thread_pool.rb:120:in `call'
puma (3.8.2) lib/puma/thread_pool.rb:120:in `block in spawn_thread'
Started GET "/Ejercicio_URL_Shorter/new" for 127.0.0.1 at 2017-05-12 17:35:33 +0200
  
ActionController::RoutingError (No route matches [GET] "/Ejercicio_URL_Shorter/new"):
  
actionpack (5.1.0) lib/action_dispatch/middleware/debug_exceptions.rb:63:in `call'
web-console (3.5.0) lib/web_console/middleware.rb:135:in `call_app'
web-console (3.5.0) lib/web_console/middleware.rb:28:in `block in call'
web-console (3.5.0) lib/web_console/middleware.rb:18:in `catch'
web-console (3.5.0) lib/web_console/middleware.rb:18:in `call'
actionpack (5.1.0) lib/action_dispatch/middleware/show_exceptions.rb:31:in `call'
railties (5.1.0) lib/rails/rack/logger.rb:36:in `call_app'
railties (5.1.0) lib/rails/rack/logger.rb:24:in `block in call'
activesupport (5.1.0) lib/active_support/tagged_logging.rb:69:in `block in tagged'
activesupport (5.1.0) lib/active_support/tagged_logging.rb:26:in `tagged'
activesupport (5.1.0) lib/active_support/tagged_logging.rb:69:in `tagged'
railties (5.1.0) lib/rails/rack/logger.rb:24:in `call'
sprockets-rails (3.2.0) lib/sprockets/rails/quiet_assets.rb:13:in `call'
actionpack (5.1.0) lib/action_dispatch/middleware/remote_ip.rb:79:in `call'
actionpack (5.1.0) lib/action_dispatch/middleware/request_id.rb:25:in `call'
rack (2.0.2) lib/rack/method_override.rb:22:in `call'
rack (2.0.2) lib/rack/runtime.rb:22:in `call'
activesupport (5.1.0) lib/active_support/cache/strategy/local_cache_middleware.rb:27:in `call'
actionpack (5.1.0) lib/action_dispatch/middleware/executor.rb:12:in `call'
actionpack (5.1.0) lib/action_dispatch/middleware/static.rb:125:in `call'
rack (2.0.2) lib/rack/sendfile.rb:111:in `call'
railties (5.1.0) lib/rails/engine.rb:522:in `call'
puma (3.8.2) lib/puma/configuration.rb:224:in `call'
puma (3.8.2) lib/puma/server.rb:600:in `handle_request'
puma (3.8.2) lib/puma/server.rb:435:in `process_client'
puma (3.8.2) lib/puma/server.rb:299:in `block in run'
puma (3.8.2) lib/puma/thread_pool.rb:120:in `call'
puma (3.8.2) lib/puma/thread_pool.rb:120:in `block in spawn_thread'
Started GET "/short_urls/new" for 127.0.0.1 at 2017-05-12 17:38:13 +0200
  
ActionController::RoutingError (uninitialized constant ShortUrlsController):
  
activesupport (5.1.0) lib/active_support/inflector/methods.rb:269:in `const_get'
activesupport (5.1.0) lib/active_support/inflector/methods.rb:269:in `block in constantize'
activesupport (5.1.0) lib/active_support/inflector/methods.rb:267:in `each'
activesupport (5.1.0) lib/active_support/inflector/methods.rb:267:in `inject'
activesupport (5.1.0) lib/active_support/inflector/methods.rb:267:in `constantize'
actionpack (5.1.0) lib/action_dispatch/http/request.rb:82:in `controller_class'
actionpack (5.1.0) lib/action_dispatch/routing/route_set.rb:43:in `controller'
actionpack (5.1.0) lib/action_dispatch/routing/route_set.rb:29:in `serve'
actionpack (5.1.0) lib/action_dispatch/journey/router.rb:46:in `block in serve'
actionpack (5.1.0) lib/action_dispatch/journey/router.rb:33:in `each'
actionpack (5.1.0) lib/action_dispatch/journey/router.rb:33:in `serve'
actionpack (5.1.0) lib/action_dispatch/routing/route_set.rb:832:in `call'
rack (2.0.2) lib/rack/etag.rb:25:in `call'
rack (2.0.2) lib/rack/conditional_get.rb:25:in `call'
rack (2.0.2) lib/rack/head.rb:12:in `call'
rack (2.0.2) lib/rack/session/abstract/id.rb:232:in `context'
rack (2.0.2) lib/rack/session/abstract/id.rb:226:in `call'
actionpack (5.1.0) lib/action_dispatch/middleware/cookies.rb:613:in `call'
activerecord (5.1.0) lib/active_record/migration.rb:556:in `call'
actionpack (5.1.0) lib/action_dispatch/middleware/callbacks.rb:26:in `block in call'
activesupport (5.1.0) lib/active_support/callbacks.rb:97:in `run_callbacks'
actionpack (5.1.0) lib/action_dispatch/middleware/callbacks.rb:24:in `call'
actionpack (5.1.0) lib/action_dispatch/middleware/executor.rb:12:in `call'
actionpack (5.1.0) lib/action_dispatch/middleware/debug_exceptions.rb:59:in `call'
web-console (3.5.0) lib/web_console/middleware.rb:135:in `call_app'
web-console (3.5.0) lib/web_console/middleware.rb:28:in `block in call'
web-console (3.5.0) lib/web_console/middleware.rb:18:in `catch'
web-console (3.5.0) lib/web_console/middleware.rb:18:in `call'
actionpack (5.1.0) lib/action_dispatch/middleware/show_exceptions.rb:31:in `call'
railties (5.1.0) lib/rails/rack/logger.rb:36:in `call_app'
railties (5.1.0) lib/rails/rack/logger.rb:24:in `block in call'
activesupport (5.1.0) lib/active_support/tagged_logging.rb:69:in `block in tagged'
activesupport (5.1.0) lib/active_support/tagged_logging.rb:26:in `tagged'
activesupport (5.1.0) lib/active_support/tagged_logging.rb:69:in `tagged'
railties (5.1.0) lib/rails/rack/logger.rb:24:in `call'
sprockets-rails (3.2.0) lib/sprockets/rails/quiet_assets.rb:13:in `call'
actionpack (5.1.0) lib/action_dispatch/middleware/remote_ip.rb:79:in `call'
actionpack (5.1.0) lib/action_dispatch/middleware/request_id.rb:25:in `call'
rack (2.0.2) lib/rack/method_override.rb:22:in `call'
rack (2.0.2) lib/rack/runtime.rb:22:in `call'
activesupport (5.1.0) lib/active_support/cache/strategy/local_cache_middleware.rb:27:in `call'
actionpack (5.1.0) lib/action_dispatch/middleware/executor.rb:12:in `call'
actionpack (5.1.0) lib/action_dispatch/middleware/static.rb:125:in `call'
rack (2.0.2) lib/rack/sendfile.rb:111:in `call'
railties (5.1.0) lib/rails/engine.rb:522:in `call'
puma (3.8.2) lib/puma/configuration.rb:224:in `call'
puma (3.8.2) lib/puma/server.rb:600:in `handle_request'
puma (3.8.2) lib/puma/server.rb:435:in `process_client'
puma (3.8.2) lib/puma/server.rb:299:in `block in run'
puma (3.8.2) lib/puma/thread_pool.rb:120:in `call'
puma (3.8.2) lib/puma/thread_pool.rb:120:in `block in spawn_thread'
Started GET "/" for 127.0.0.1 at 2017-05-15 16:35:10 +0200
Processing by Rails::WelcomeController#index as HTML
  Rendering C:/RailsInstaller/Ruby2.2.0/lib/ruby/gems/2.2.0/gems/railties-5.1.0/lib/rails/templates/rails/welcome/index.html.erb
  Rendered C:/RailsInstaller/Ruby2.2.0/lib/ruby/gems/2.2.0/gems/railties-5.1.0/lib/rails/templates/rails/welcome/index.html.erb (4.0ms)
Completed 200 OK in 288ms (Views: 28.2ms)


Started GET "/new" for 127.0.0.1 at 2017-05-15 16:35:15 +0200
  
ActionController::RoutingError (No route matches [GET] "/new"):
  
actionpack (5.1.0) lib/action_dispatch/middleware/debug_exceptions.rb:63:in `call'
web-console (3.5.0) lib/web_console/middleware.rb:135:in `call_app'
web-console (3.5.0) lib/web_console/middleware.rb:28:in `block in call'
web-console (3.5.0) lib/web_console/middleware.rb:18:in `catch'
web-console (3.5.0) lib/web_console/middleware.rb:18:in `call'
actionpack (5.1.0) lib/action_dispatch/middleware/show_exceptions.rb:31:in `call'
railties (5.1.0) lib/rails/rack/logger.rb:36:in `call_app'
railties (5.1.0) lib/rails/rack/logger.rb:24:in `block in call'
activesupport (5.1.0) lib/active_support/tagged_logging.rb:69:in `block in tagged'
activesupport (5.1.0) lib/active_support/tagged_logging.rb:26:in `tagged'
activesupport (5.1.0) lib/active_support/tagged_logging.rb:69:in `tagged'
railties (5.1.0) lib/rails/rack/logger.rb:24:in `call'
sprockets-rails (3.2.0) lib/sprockets/rails/quiet_assets.rb:13:in `call'
actionpack (5.1.0) lib/action_dispatch/middleware/remote_ip.rb:79:in `call'
actionpack (5.1.0) lib/action_dispatch/middleware/request_id.rb:25:in `call'
rack (2.0.2) lib/rack/method_override.rb:22:in `call'
rack (2.0.2) lib/rack/runtime.rb:22:in `call'
activesupport (5.1.0) lib/active_support/cache/strategy/local_cache_middleware.rb:27:in `call'
actionpack (5.1.0) lib/action_dispatch/middleware/executor.rb:12:in `call'
actionpack (5.1.0) lib/action_dispatch/middleware/static.rb:125:in `call'
rack (2.0.2) lib/rack/sendfile.rb:111:in `call'
railties (5.1.0) lib/rails/engine.rb:522:in `call'
puma (3.8.2) lib/puma/configuration.rb:224:in `call'
puma (3.8.2) lib/puma/server.rb:600:in `handle_request'
puma (3.8.2) lib/puma/server.rb:435:in `process_client'
puma (3.8.2) lib/puma/server.rb:299:in `block in run'
puma (3.8.2) lib/puma/thread_pool.rb:120:in `call'
puma (3.8.2) lib/puma/thread_pool.rb:120:in `block in spawn_thread'
Started GET "/short_urls/new" for 127.0.0.1 at 2017-05-15 16:36:23 +0200
Processing by ShortUrlsController#new as HTML
  Rendering short_urls/new.html.erb within layouts/application
  Rendered short_urls/new.html.erb within layouts/application (0.0ms)
Completed 200 OK in 1115ms (Views: 1105.2ms)


Started GET "/short_urls/new" for 127.0.0.1 at 2017-05-15 16:39:35 +0200
Processing by ShortUrlsController#new as HTML
  Rendering short_urls/new.html.erb within layouts/application
  Rendered short_urls/new.html.erb within layouts/application (0.0ms)
Completed 200 OK in 47ms (Views: 37.3ms)


Started GET "/short_urls/new" for 127.0.0.1 at 2017-05-15 16:39:46 +0200
Processing by ShortUrlsController#new as HTML
  Rendering short_urls/new.html.erb within layouts/application
  Rendered short_urls/new.html.erb within layouts/application (0.0ms)
Completed 200 OK in 47ms (Views: 37.3ms)


Started GET "/short_urls/new" for 127.0.0.1 at 2017-05-15 16:59:20 +0200
  
ActiveRecord::PendingMigrationError (

Migrations are pending. To resolve this issue, run:

        bin/rails db:migrate RAILS_ENV=development

):
  
activerecord (5.1.0) lib/active_record/migration.rb:576:in `check_pending!'
activerecord (5.1.0) lib/active_record/migration.rb:553:in `call'
actionpack (5.1.0) lib/action_dispatch/middleware/callbacks.rb:26:in `block in call'
activesupport (5.1.0) lib/active_support/callbacks.rb:97:in `run_callbacks'
actionpack (5.1.0) lib/action_dispatch/middleware/callbacks.rb:24:in `call'
actionpack (5.1.0) lib/action_dispatch/middleware/executor.rb:12:in `call'
actionpack (5.1.0) lib/action_dispatch/middleware/debug_exceptions.rb:59:in `call'
web-console (3.5.0) lib/web_console/middleware.rb:135:in `call_app'
web-console (3.5.0) lib/web_console/middleware.rb:28:in `block in call'
web-console (3.5.0) lib/web_console/middleware.rb:18:in `catch'
web-console (3.5.0) lib/web_console/middleware.rb:18:in `call'
actionpack (5.1.0) lib/action_dispatch/middleware/show_exceptions.rb:31:in `call'
railties (5.1.0) lib/rails/rack/logger.rb:36:in `call_app'
railties (5.1.0) lib/rails/rack/logger.rb:24:in `block in call'
activesupport (5.1.0) lib/active_support/tagged_logging.rb:69:in `block in tagged'
activesupport (5.1.0) lib/active_support/tagged_logging.rb:26:in `tagged'
activesupport (5.1.0) lib/active_support/tagged_logging.rb:69:in `tagged'
railties (5.1.0) lib/rails/rack/logger.rb:24:in `call'
sprockets-rails (3.2.0) lib/sprockets/rails/quiet_assets.rb:13:in `call'
actionpack (5.1.0) lib/action_dispatch/middleware/remote_ip.rb:79:in `call'
actionpack (5.1.0) lib/action_dispatch/middleware/request_id.rb:25:in `call'
rack (2.0.2) lib/rack/method_override.rb:22:in `call'
rack (2.0.2) lib/rack/runtime.rb:22:in `call'
activesupport (5.1.0) lib/active_support/cache/strategy/local_cache_middleware.rb:27:in `call'
actionpack (5.1.0) lib/action_dispatch/middleware/executor.rb:12:in `call'
actionpack (5.1.0) lib/action_dispatch/middleware/static.rb:125:in `call'
rack (2.0.2) lib/rack/sendfile.rb:111:in `call'
railties (5.1.0) lib/rails/engine.rb:522:in `call'
puma (3.8.2) lib/puma/configuration.rb:224:in `call'
puma (3.8.2) lib/puma/server.rb:600:in `handle_request'
puma (3.8.2) lib/puma/server.rb:435:in `process_client'
puma (3.8.2) lib/puma/server.rb:299:in `block in run'
puma (3.8.2) lib/puma/thread_pool.rb:120:in `call'
puma (3.8.2) lib/puma/thread_pool.rb:120:in `block in spawn_thread'
Started GET "/short_urls/new" for 127.0.0.1 at 2017-05-15 17:20:16 +0200
  
ActiveRecord::PendingMigrationError (

Migrations are pending. To resolve this issue, run:

        bin/rails db:migrate RAILS_ENV=development

):
  
activerecord (5.1.0) lib/active_record/migration.rb:576:in `check_pending!'
activerecord (5.1.0) lib/active_record/migration.rb:553:in `call'
actionpack (5.1.0) lib/action_dispatch/middleware/callbacks.rb:26:in `block in call'
activesupport (5.1.0) lib/active_support/callbacks.rb:97:in `run_callbacks'
actionpack (5.1.0) lib/action_dispatch/middleware/callbacks.rb:24:in `call'
actionpack (5.1.0) lib/action_dispatch/middleware/executor.rb:12:in `call'
actionpack (5.1.0) lib/action_dispatch/middleware/debug_exceptions.rb:59:in `call'
web-console (3.5.0) lib/web_console/middleware.rb:135:in `call_app'
web-console (3.5.0) lib/web_console/middleware.rb:28:in `block in call'
web-console (3.5.0) lib/web_console/middleware.rb:18:in `catch'
web-console (3.5.0) lib/web_console/middleware.rb:18:in `call'
actionpack (5.1.0) lib/action_dispatch/middleware/show_exceptions.rb:31:in `call'
railties (5.1.0) lib/rails/rack/logger.rb:36:in `call_app'
railties (5.1.0) lib/rails/rack/logger.rb:24:in `block in call'
activesupport (5.1.0) lib/active_support/tagged_logging.rb:69:in `block in tagged'
activesupport (5.1.0) lib/active_support/tagged_logging.rb:26:in `tagged'
activesupport (5.1.0) lib/active_support/tagged_logging.rb:69:in `tagged'
railties (5.1.0) lib/rails/rack/logger.rb:24:in `call'
sprockets-rails (3.2.0) lib/sprockets/rails/quiet_assets.rb:13:in `call'
actionpack (5.1.0) lib/action_dispatch/middleware/remote_ip.rb:79:in `call'
actionpack (5.1.0) lib/action_dispatch/middleware/request_id.rb:25:in `call'
rack (2.0.2) lib/rack/method_override.rb:22:in `call'
rack (2.0.2) lib/rack/runtime.rb:22:in `call'
activesupport (5.1.0) lib/active_support/cache/strategy/local_cache_middleware.rb:27:in `call'
actionpack (5.1.0) lib/action_dispatch/middleware/executor.rb:12:in `call'
actionpack (5.1.0) lib/action_dispatch/middleware/static.rb:125:in `call'
rack (2.0.2) lib/rack/sendfile.rb:111:in `call'
railties (5.1.0) lib/rails/engine.rb:522:in `call'
puma (3.8.2) lib/puma/configuration.rb:224:in `call'
puma (3.8.2) lib/puma/server.rb:600:in `handle_request'
puma (3.8.2) lib/puma/server.rb:435:in `process_client'
puma (3.8.2) lib/puma/server.rb:299:in `block in run'
puma (3.8.2) lib/puma/thread_pool.rb:120:in `call'
puma (3.8.2) lib/puma/thread_pool.rb:120:in `block in spawn_thread'
  [1m[35m (0.0ms)[0m  [1m[34mSELECT sqlite_version(*)[0m
  [1m[35m (15.0ms)[0m  [1m[35mCREATE TABLE "schema_migrations" ("version" varchar NOT NULL PRIMARY KEY)[0m
  [1m[35m (14.0ms)[0m  [1m[35mCREATE TABLE "ar_internal_metadata" ("key" varchar NOT NULL PRIMARY KEY, "value" varchar, "created_at" datetime NOT NULL, "updated_at" datetime NOT NULL)[0m
  [1m[35m (1.0ms)[0m  [1m[34mSELECT "schema_migrations"."version" FROM "schema_migrations" ORDER BY "schema_migrations"."version" ASC[0m
Migrating to CreateShortUrls (20170515144143)
  [1m[35m (0.0ms)[0m  [1m[36mbegin transaction[0m
  [1m[35m (0.0ms)[0m  [1m[31mrollback transaction[0m
  [1m[35m (0.0ms)[0m  [1m[34mSELECT "schema_migrations"."version" FROM "schema_migrations" ORDER BY "schema_migrations"."version" ASC[0m
Migrating to CreateShortUrls (20170515144143)
  [1m[35m (0.0ms)[0m  [1m[36mbegin transaction[0m
  [1m[35m (0.0ms)[0m  [1m[31mrollback transaction[0m
Started GET "/short_urls/new" for 127.0.0.1 at 2017-05-15 17:28:27 +0200
  [1m[35m (0.0ms)[0m  [1m[34mSELECT "schema_migrations"."version" FROM "schema_migrations" ORDER BY "schema_migrations"."version" ASC[0m
  
ActiveRecord::PendingMigrationError (

Migrations are pending. To resolve this issue, run:

        bin/rails db:migrate RAILS_ENV=development

):
  
activerecord (5.1.0) lib/active_record/migration.rb:576:in `check_pending!'
activerecord (5.1.0) lib/active_record/migration.rb:553:in `call'
actionpack (5.1.0) lib/action_dispatch/middleware/callbacks.rb:26:in `block in call'
activesupport (5.1.0) lib/active_support/callbacks.rb:97:in `run_callbacks'
actionpack (5.1.0) lib/action_dispatch/middleware/callbacks.rb:24:in `call'
actionpack (5.1.0) lib/action_dispatch/middleware/executor.rb:12:in `call'
actionpack (5.1.0) lib/action_dispatch/middleware/debug_exceptions.rb:59:in `call'
web-console (3.5.0) lib/web_console/middleware.rb:135:in `call_app'
web-console (3.5.0) lib/web_console/middleware.rb:28:in `block in call'
web-console (3.5.0) lib/web_console/middleware.rb:18:in `catch'
web-console (3.5.0) lib/web_console/middleware.rb:18:in `call'
actionpack (5.1.0) lib/action_dispatch/middleware/show_exceptions.rb:31:in `call'
railties (5.1.0) lib/rails/rack/logger.rb:36:in `call_app'
railties (5.1.0) lib/rails/rack/logger.rb:24:in `block in call'
activesupport (5.1.0) lib/active_support/tagged_logging.rb:69:in `block in tagged'
activesupport (5.1.0) lib/active_support/tagged_logging.rb:26:in `tagged'
activesupport (5.1.0) lib/active_support/tagged_logging.rb:69:in `tagged'
railties (5.1.0) lib/rails/rack/logger.rb:24:in `call'
sprockets-rails (3.2.0) lib/sprockets/rails/quiet_assets.rb:13:in `call'
actionpack (5.1.0) lib/action_dispatch/middleware/remote_ip.rb:79:in `call'
actionpack (5.1.0) lib/action_dispatch/middleware/request_id.rb:25:in `call'
rack (2.0.2) lib/rack/method_override.rb:22:in `call'
rack (2.0.2) lib/rack/runtime.rb:22:in `call'
activesupport (5.1.0) lib/active_support/cache/strategy/local_cache_middleware.rb:27:in `call'
actionpack (5.1.0) lib/action_dispatch/middleware/executor.rb:12:in `call'
actionpack (5.1.0) lib/action_dispatch/middleware/static.rb:125:in `call'
rack (2.0.2) lib/rack/sendfile.rb:111:in `call'
railties (5.1.0) lib/rails/engine.rb:522:in `call'
puma (3.8.2) lib/puma/configuration.rb:224:in `call'
puma (3.8.2) lib/puma/server.rb:600:in `handle_request'
puma (3.8.2) lib/puma/server.rb:435:in `process_client'
puma (3.8.2) lib/puma/server.rb:299:in `block in run'
puma (3.8.2) lib/puma/thread_pool.rb:120:in `call'
puma (3.8.2) lib/puma/thread_pool.rb:120:in `block in spawn_thread'
Started GET "/" for 127.0.0.1 at 2017-05-15 17:29:39 +0200
  [1m[35m (0.0ms)[0m  [1m[34mSELECT "schema_migrations"."version" FROM "schema_migrations" ORDER BY "schema_migrations"."version" ASC[0m
  
ActiveRecord::PendingMigrationError (

Migrations are pending. To resolve this issue, run:

        bin/rails db:migrate RAILS_ENV=development

):
  
activerecord (5.1.0) lib/active_record/migration.rb:576:in `check_pending!'
activerecord (5.1.0) lib/active_record/migration.rb:553:in `call'
actionpack (5.1.0) lib/action_dispatch/middleware/callbacks.rb:26:in `block in call'
activesupport (5.1.0) lib/active_support/callbacks.rb:97:in `run_callbacks'
actionpack (5.1.0) lib/action_dispatch/middleware/callbacks.rb:24:in `call'
actionpack (5.1.0) lib/action_dispatch/middleware/executor.rb:12:in `call'
actionpack (5.1.0) lib/action_dispatch/middleware/debug_exceptions.rb:59:in `call'
web-console (3.5.0) lib/web_console/middleware.rb:135:in `call_app'
web-console (3.5.0) lib/web_console/middleware.rb:28:in `block in call'
web-console (3.5.0) lib/web_console/middleware.rb:18:in `catch'
web-console (3.5.0) lib/web_console/middleware.rb:18:in `call'
actionpack (5.1.0) lib/action_dispatch/middleware/show_exceptions.rb:31:in `call'
railties (5.1.0) lib/rails/rack/logger.rb:36:in `call_app'
railties (5.1.0) lib/rails/rack/logger.rb:24:in `block in call'
activesupport (5.1.0) lib/active_support/tagged_logging.rb:69:in `block in tagged'
activesupport (5.1.0) lib/active_support/tagged_logging.rb:26:in `tagged'
activesupport (5.1.0) lib/active_support/tagged_logging.rb:69:in `tagged'
railties (5.1.0) lib/rails/rack/logger.rb:24:in `call'
sprockets-rails (3.2.0) lib/sprockets/rails/quiet_assets.rb:13:in `call'
actionpack (5.1.0) lib/action_dispatch/middleware/remote_ip.rb:79:in `call'
actionpack (5.1.0) lib/action_dispatch/middleware/request_id.rb:25:in `call'
rack (2.0.2) lib/rack/method_override.rb:22:in `call'
rack (2.0.2) lib/rack/runtime.rb:22:in `call'
activesupport (5.1.0) lib/active_support/cache/strategy/local_cache_middleware.rb:27:in `call'
actionpack (5.1.0) lib/action_dispatch/middleware/executor.rb:12:in `call'
actionpack (5.1.0) lib/action_dispatch/middleware/static.rb:125:in `call'
rack (2.0.2) lib/rack/sendfile.rb:111:in `call'
railties (5.1.0) lib/rails/engine.rb:522:in `call'
puma (3.8.2) lib/puma/configuration.rb:224:in `call'
puma (3.8.2) lib/puma/server.rb:600:in `handle_request'
puma (3.8.2) lib/puma/server.rb:435:in `process_client'
puma (3.8.2) lib/puma/server.rb:299:in `block in run'
puma (3.8.2) lib/puma/thread_pool.rb:120:in `call'
puma (3.8.2) lib/puma/thread_pool.rb:120:in `block in spawn_thread'
Started GET "/short_urls/new" for 127.0.0.1 at 2017-05-15 17:29:57 +0200
  [1m[35m (0.0ms)[0m  [1m[34mSELECT "schema_migrations"."version" FROM "schema_migrations" ORDER BY "schema_migrations"."version" ASC[0m
  
ActiveRecord::PendingMigrationError (

Migrations are pending. To resolve this issue, run:

        bin/rails db:migrate RAILS_ENV=development

):
  
activerecord (5.1.0) lib/active_record/migration.rb:576:in `check_pending!'
activerecord (5.1.0) lib/active_record/migration.rb:553:in `call'
actionpack (5.1.0) lib/action_dispatch/middleware/callbacks.rb:26:in `block in call'
activesupport (5.1.0) lib/active_support/callbacks.rb:97:in `run_callbacks'
actionpack (5.1.0) lib/action_dispatch/middleware/callbacks.rb:24:in `call'
actionpack (5.1.0) lib/action_dispatch/middleware/executor.rb:12:in `call'
actionpack (5.1.0) lib/action_dispatch/middleware/debug_exceptions.rb:59:in `call'
web-console (3.5.0) lib/web_console/middleware.rb:135:in `call_app'
web-console (3.5.0) lib/web_console/middleware.rb:28:in `block in call'
web-console (3.5.0) lib/web_console/middleware.rb:18:in `catch'
web-console (3.5.0) lib/web_console/middleware.rb:18:in `call'
actionpack (5.1.0) lib/action_dispatch/middleware/show_exceptions.rb:31:in `call'
railties (5.1.0) lib/rails/rack/logger.rb:36:in `call_app'
railties (5.1.0) lib/rails/rack/logger.rb:24:in `block in call'
activesupport (5.1.0) lib/active_support/tagged_logging.rb:69:in `block in tagged'
activesupport (5.1.0) lib/active_support/tagged_logging.rb:26:in `tagged'
activesupport (5.1.0) lib/active_support/tagged_logging.rb:69:in `tagged'
railties (5.1.0) lib/rails/rack/logger.rb:24:in `call'
sprockets-rails (3.2.0) lib/sprockets/rails/quiet_assets.rb:13:in `call'
actionpack (5.1.0) lib/action_dispatch/middleware/remote_ip.rb:79:in `call'
actionpack (5.1.0) lib/action_dispatch/middleware/request_id.rb:25:in `call'
rack (2.0.2) lib/rack/method_override.rb:22:in `call'
rack (2.0.2) lib/rack/runtime.rb:22:in `call'
activesupport (5.1.0) lib/active_support/cache/strategy/local_cache_middleware.rb:27:in `call'
actionpack (5.1.0) lib/action_dispatch/middleware/executor.rb:12:in `call'
actionpack (5.1.0) lib/action_dispatch/middleware/static.rb:125:in `call'
rack (2.0.2) lib/rack/sendfile.rb:111:in `call'
railties (5.1.0) lib/rails/engine.rb:522:in `call'
puma (3.8.2) lib/puma/configuration.rb:224:in `call'
puma (3.8.2) lib/puma/server.rb:600:in `handle_request'
puma (3.8.2) lib/puma/server.rb:435:in `process_client'
puma (3.8.2) lib/puma/server.rb:299:in `block in run'
puma (3.8.2) lib/puma/thread_pool.rb:120:in `call'
puma (3.8.2) lib/puma/thread_pool.rb:120:in `block in spawn_thread'
Started GET "/short_urls/new" for 127.0.0.1 at 2017-05-15 17:31:27 +0200
  [1m[35m (1.0ms)[0m  [1m[34mSELECT "schema_migrations"."version" FROM "schema_migrations" ORDER BY "schema_migrations"."version" ASC[0m
  
ActiveRecord::PendingMigrationError (

Migrations are pending. To resolve this issue, run:

        bin/rails db:migrate RAILS_ENV=development

):
  
activerecord (5.1.0) lib/active_record/migration.rb:576:in `check_pending!'
activerecord (5.1.0) lib/active_record/migration.rb:553:in `call'
actionpack (5.1.0) lib/action_dispatch/middleware/callbacks.rb:26:in `block in call'
activesupport (5.1.0) lib/active_support/callbacks.rb:97:in `run_callbacks'
actionpack (5.1.0) lib/action_dispatch/middleware/callbacks.rb:24:in `call'
actionpack (5.1.0) lib/action_dispatch/middleware/executor.rb:12:in `call'
actionpack (5.1.0) lib/action_dispatch/middleware/debug_exceptions.rb:59:in `call'
web-console (3.5.0) lib/web_console/middleware.rb:135:in `call_app'
web-console (3.5.0) lib/web_console/middleware.rb:28:in `block in call'
web-console (3.5.0) lib/web_console/middleware.rb:18:in `catch'
web-console (3.5.0) lib/web_console/middleware.rb:18:in `call'
actionpack (5.1.0) lib/action_dispatch/middleware/show_exceptions.rb:31:in `call'
railties (5.1.0) lib/rails/rack/logger.rb:36:in `call_app'
railties (5.1.0) lib/rails/rack/logger.rb:24:in `block in call'
activesupport (5.1.0) lib/active_support/tagged_logging.rb:69:in `block in tagged'
activesupport (5.1.0) lib/active_support/tagged_logging.rb:26:in `tagged'
activesupport (5.1.0) lib/active_support/tagged_logging.rb:69:in `tagged'
railties (5.1.0) lib/rails/rack/logger.rb:24:in `call'
sprockets-rails (3.2.0) lib/sprockets/rails/quiet_assets.rb:13:in `call'
actionpack (5.1.0) lib/action_dispatch/middleware/remote_ip.rb:79:in `call'
actionpack (5.1.0) lib/action_dispatch/middleware/request_id.rb:25:in `call'
rack (2.0.2) lib/rack/method_override.rb:22:in `call'
rack (2.0.2) lib/rack/runtime.rb:22:in `call'
activesupport (5.1.0) lib/active_support/cache/strategy/local_cache_middleware.rb:27:in `call'
actionpack (5.1.0) lib/action_dispatch/middleware/executor.rb:12:in `call'
actionpack (5.1.0) lib/action_dispatch/middleware/static.rb:125:in `call'
rack (2.0.2) lib/rack/sendfile.rb:111:in `call'
railties (5.1.0) lib/rails/engine.rb:522:in `call'
puma (3.8.2) lib/puma/configuration.rb:224:in `call'
puma (3.8.2) lib/puma/server.rb:600:in `handle_request'
puma (3.8.2) lib/puma/server.rb:435:in `process_client'
puma (3.8.2) lib/puma/server.rb:299:in `block in run'
puma (3.8.2) lib/puma/thread_pool.rb:120:in `call'
puma (3.8.2) lib/puma/thread_pool.rb:120:in `block in spawn_thread'
  [1m[35m (0.0ms)[0m  [1m[34mSELECT "schema_migrations"."version" FROM "schema_migrations" ORDER BY "schema_migrations"."version" ASC[0m
Migrating to CreateShortUrls (20170515144143)
  [1m[35m (0.0ms)[0m  [1m[36mbegin transaction[0m
  [1m[35m (0.0ms)[0m  [1m[31mrollback transaction[0m
  [1m[35m (0.0ms)[0m  [1m[34mSELECT "schema_migrations"."version" FROM "schema_migrations" ORDER BY "schema_migrations"."version" ASC[0m
Migrating to CreateShortUrls (20170515144143)
  [1m[35m (0.0ms)[0m  [1m[36mbegin transaction[0m
  [1m[35m (0.0ms)[0m  [1m[31mrollback transaction[0m
  [1m[35m (0.0ms)[0m  [1m[34mSELECT "schema_migrations"."version" FROM "schema_migrations" ORDER BY "schema_migrations"."version" ASC[0m
  [1m[35m (0.0ms)[0m  [1m[34mSELECT "schema_migrations"."version" FROM "schema_migrations" ORDER BY "schema_migrations"."version" ASC[0m
Started GET "/short_urls/new" for 127.0.0.1 at 2017-05-15 17:56:04 +0200
  [1m[35m (1.0ms)[0m  [1m[34mSELECT "schema_migrations"."version" FROM "schema_migrations" ORDER BY "schema_migrations"."version" ASC[0m
  
ActiveRecord::PendingMigrationError (

Migrations are pending. To resolve this issue, run:

        bin/rails db:migrate RAILS_ENV=development

):
  
activerecord (5.1.0) lib/active_record/migration.rb:576:in `check_pending!'
activerecord (5.1.0) lib/active_record/migration.rb:553:in `call'
actionpack (5.1.0) lib/action_dispatch/middleware/callbacks.rb:26:in `block in call'
activesupport (5.1.0) lib/active_support/callbacks.rb:97:in `run_callbacks'
actionpack (5.1.0) lib/action_dispatch/middleware/callbacks.rb:24:in `call'
actionpack (5.1.0) lib/action_dispatch/middleware/executor.rb:12:in `call'
actionpack (5.1.0) lib/action_dispatch/middleware/debug_exceptions.rb:59:in `call'
web-console (3.5.0) lib/web_console/middleware.rb:135:in `call_app'
web-console (3.5.0) lib/web_console/middleware.rb:28:in `block in call'
web-console (3.5.0) lib/web_console/middleware.rb:18:in `catch'
web-console (3.5.0) lib/web_console/middleware.rb:18:in `call'
actionpack (5.1.0) lib/action_dispatch/middleware/show_exceptions.rb:31:in `call'
railties (5.1.0) lib/rails/rack/logger.rb:36:in `call_app'
railties (5.1.0) lib/rails/rack/logger.rb:24:in `block in call'
activesupport (5.1.0) lib/active_support/tagged_logging.rb:69:in `block in tagged'
activesupport (5.1.0) lib/active_support/tagged_logging.rb:26:in `tagged'
activesupport (5.1.0) lib/active_support/tagged_logging.rb:69:in `tagged'
railties (5.1.0) lib/rails/rack/logger.rb:24:in `call'
sprockets-rails (3.2.0) lib/sprockets/rails/quiet_assets.rb:13:in `call'
actionpack (5.1.0) lib/action_dispatch/middleware/remote_ip.rb:79:in `call'
actionpack (5.1.0) lib/action_dispatch/middleware/request_id.rb:25:in `call'
rack (2.0.2) lib/rack/method_override.rb:22:in `call'
rack (2.0.2) lib/rack/runtime.rb:22:in `call'
activesupport (5.1.0) lib/active_support/cache/strategy/local_cache_middleware.rb:27:in `call'
actionpack (5.1.0) lib/action_dispatch/middleware/executor.rb:12:in `call'
actionpack (5.1.0) lib/action_dispatch/middleware/static.rb:125:in `call'
rack (2.0.2) lib/rack/sendfile.rb:111:in `call'
railties (5.1.0) lib/rails/engine.rb:522:in `call'
puma (3.8.2) lib/puma/configuration.rb:224:in `call'
puma (3.8.2) lib/puma/server.rb:600:in `handle_request'
puma (3.8.2) lib/puma/server.rb:435:in `process_client'
puma (3.8.2) lib/puma/server.rb:299:in `block in run'
puma (3.8.2) lib/puma/thread_pool.rb:120:in `call'
puma (3.8.2) lib/puma/thread_pool.rb:120:in `block in spawn_thread'
  [1m[35m (0.0ms)[0m  [1m[34mSELECT "schema_migrations"."version" FROM "schema_migrations" ORDER BY "schema_migrations"."version" ASC[0m
Migrating to CreateShortUrls (20170515155408)
  [1m[35m (0.0ms)[0m  [1m[36mbegin transaction[0m
  [1m[35m (0.0ms)[0m  [1m[34mSELECT sqlite_version(*)[0m
  [1m[35m (2.0ms)[0m  [1m[35mCREATE TABLE "short_urls" ("id" INTEGER PRIMARY KEY AUTOINCREMENT NOT NULL, "url_id" integer, "url" varchar, "created_at" datetime NOT NULL, "updated_at" datetime NOT NULL)[0m
  [1m[35mSQL (1.0ms)[0m  [1m[32mINSERT INTO "schema_migrations" ("version") VALUES (?)[0m  [["version", "20170515155408"]]
  [1m[35m (15.0ms)[0m  [1m[36mcommit transaction[0m
  [1m[36mActiveRecord::InternalMetadata Load (0.0ms)[0m  [1m[34mSELECT  "ar_internal_metadata".* FROM "ar_internal_metadata" WHERE "ar_internal_metadata"."key" = ? LIMIT ?[0m  [["key", "environment"], ["LIMIT", 1]]
  [1m[35m (0.0ms)[0m  [1m[36mbegin transaction[0m
  [1m[35mSQL (1.0ms)[0m  [1m[32mINSERT INTO "ar_internal_metadata" ("key", "value", "created_at", "updated_at") VALUES (?, ?, ?, ?)[0m  [["key", "environment"], ["value", "development"], ["created_at", "2017-05-15 15:56:34.382129"], ["updated_at", "2017-05-15 15:56:34.382129"]]
  [1m[35m (13.0ms)[0m  [1m[36mcommit transaction[0m
  [1m[35m (0.0ms)[0m  [1m[34mSELECT "schema_migrations"."version" FROM "schema_migrations" ORDER BY "schema_migrations"."version" ASC[0m
Started GET "/short_urls/new" for 127.0.0.1 at 2017-05-15 17:56:58 +0200
  [1m[35m (0.0ms)[0m  [1m[34mSELECT "schema_migrations"."version" FROM "schema_migrations" ORDER BY "schema_migrations"."version" ASC[0m
Processing by ShortUrlsController#new as HTML
  Rendering short_urls/new.html.erb within layouts/application
  Rendered short_urls/new.html.erb within layouts/application (1.0ms)
Completed 500 Internal Server Error in 54ms (ActiveRecord: 0.0ms)


  
SyntaxError (C:/RAILS/Ejercicio_URL_Shorter/app/views/short_urls/new.html.erb:21: syntax error, unexpected keyword_ensure, expecting end-of-input):
  
app/views/short_urls/new.html.erb:21: syntax error, unexpected keyword_ensure, expecting end-of-input
Started GET "/short_urls/new" for 127.0.0.1 at 2017-05-15 18:04:44 +0200
Processing by ShortUrlsController#new as HTML
  Rendering short_urls/new.html.erb within layouts/application
  Rendered short_urls/new.html.erb within layouts/application (1.0ms)
Completed 500 Internal Server Error in 37ms (ActiveRecord: 0.0ms)


  
SyntaxError (C:/RAILS/Ejercicio_URL_Shorter/app/views/short_urls/new.html.erb:20: syntax error, unexpected keyword_ensure, expecting end-of-input):
  
app/views/short_urls/new.html.erb:20: syntax error, unexpected keyword_ensure, expecting end-of-input
Started GET "/short_urls/new" for 127.0.0.1 at 2017-05-16 09:13:34 +0200
Processing by ShortUrlsController#new as HTML
  Rendering short_urls/new.html.erb within layouts/application
  Rendered short_urls/new.html.erb within layouts/application (15.0ms)
Completed 500 Internal Server Error in 82ms (ActiveRecord: 0.0ms)


  
SyntaxError (C:/RAILS/Ejercicio_URL_Shorter/app/views/short_urls/new.html.erb:20: syntax error, unexpected keyword_ensure, expecting end-of-input):
  
app/views/short_urls/new.html.erb:20: syntax error, unexpected keyword_ensure, expecting end-of-input
Started GET "/short_urls/new" for 127.0.0.1 at 2017-05-16 09:41:43 +0200
  [1m[35m (0.0ms)[0m  [1m[34mSELECT "schema_migrations"."version" FROM "schema_migrations" ORDER BY "schema_migrations"."version" ASC[0m
Processing by ShortUrlsController#new as HTML
  Rendering short_urls/new.html.erb within layouts/application
  Rendered short_urls/new.html.erb within layouts/application (0.0ms)
Completed 500 Internal Server Error in 53ms (ActiveRecord: 0.0ms)


  
SyntaxError (C:/RAILS/Ejercicio_URL_Shorter/app/views/short_urls/new.html.erb:20: syntax error, unexpected keyword_ensure, expecting end-of-input):
  
app/views/short_urls/new.html.erb:20: syntax error, unexpected keyword_ensure, expecting end-of-input
Started GET "/short_urls/new" for 127.0.0.1 at 2017-05-16 09:44:08 +0200
Processing by ShortUrlsController#new as HTML
  Rendering short_urls/new.html.erb within layouts/application
  Rendered short_urls/new.html.erb within layouts/application (10.0ms)
Completed 500 Internal Server Error in 47ms (ActiveRecord: 0.0ms)


  
ActionView::Template::Error (First argument in form cannot contain nil or be empty):
    1: <h1>ShortUrls#new</h1>
    2: <h3>esto es un prueba conforme el NEW funciona</h3>
    3: 
    4: 	<%= form_for(@short_urls) do |f| %>
    5: 
    6:       <div class="field">
    7:       			<%= f.text_area :url, placeholder: "Escribe aquí la URL" , style:"height:300px;"#, class:"form-control"
  
app/views/short_urls/new.html.erb:4:in `_app_views_short_urls_new_html_erb__411163017_32704320'
Started GET "/short_urls/new" for 127.0.0.1 at 2017-05-16 12:11:13 +0200
Processing by ShortUrlsController#new as HTML
  Rendering short_urls/new.html.erb within layouts/application
  Rendered short_urls/new.html.erb within layouts/application (10.0ms)
Completed 500 Internal Server Error in 47ms (ActiveRecord: 0.0ms)


  
ActionView::Template::Error (First argument in form cannot contain nil or be empty):
    1: <h1>ShortUrls#new</h1>
    2: <h3>esto es un prueba conforme el NEW funciona</h3>
    3: 
    4: 	<%= form_for(@short_urls) do |f| %>
    5: 
    6:       <div class="field">
    7:       			<%= f.text_area :url, placeholder: "Escribe aquí la URL" , style:"height:300px;"#, class:"form-control"
  
app/views/short_urls/new.html.erb:4:in `_app_views_short_urls_new_html_erb__411163017_47356632'
Started GET "/short_urls/new" for 127.0.0.1 at 2017-05-16 12:14:19 +0200
Processing by ShortUrlsController#new as HTML
Completed 500 Internal Server Error in 3ms


  
LoadError (Unable to autoload constant Short_url, expected C:/RAILS/Ejercicio_URL_Shorter/app/models/short_url.rb to define it):
  
app/controllers/short_urls_controller.rb:3:in `new'
Started GET "/short_urls/new" for 127.0.0.1 at 2017-05-16 12:18:01 +0200
Processing by ShortUrlsController#new as HTML
Completed 500 Internal Server Error in 3ms


  
NoMethodError (undefined method `attr_accessible' for ShortUrl (call 'ShortUrl.connection' to establish a connection):Class):
  
app/models/short_url.rb:2:in `<class:ShortUrl>'
app/models/short_url.rb:1:in `<top (required)>'
app/controllers/short_urls_controller.rb:3:in `new'
Started GET "/short_urls/new" for 127.0.0.1 at 2017-05-16 17:10:17 +0200
  [1m[35m (0.0ms)[0m  [1m[34mSELECT "schema_migrations"."version" FROM "schema_migrations" ORDER BY "schema_migrations"."version" ASC[0m
Processing by ShortUrlsController#new as HTML
Completed 500 Internal Server Error in 11ms (ActiveRecord: 0.0ms)


  
LoadError (Unable to autoload constant Short_url, expected C:/RAILS/Ejercicio_URL_Shorter/app/models/short_url.rb to define it):
  
app/controllers/short_urls_controller.rb:3:in `new'
Started GET "/short_urls/new" for 127.0.0.1 at 2017-05-16 17:16:15 +0200
Processing by ShortUrlsController#new as HTML
Completed 500 Internal Server Error in 4ms


  
LoadError (Unable to autoload constant Short_url, expected C:/RAILS/Ejercicio_URL_Shorter/app/models/short_url.rb to define it):
  
app/controllers/short_urls_controller.rb:3:in `new'
Started GET "/short_urls/new" for 127.0.0.1 at 2017-05-16 18:29:32 +0200
Processing by ShortUrlsController#new as HTML
Completed 500 Internal Server Error in 2ms


  
LoadError (Unable to autoload constant Short_url, expected C:/RAILS/Ejercicio_URL_Shorter/app/models/short_url.rb to define it):
  
app/controllers/short_urls_controller.rb:3:in `new'
Started GET "/short_urls/new" for 127.0.0.1 at 2017-05-16 18:29:44 +0200
Processing by ShortUrlsController#new as HTML
Completed 500 Internal Server Error in 3ms


  
LoadError (Unable to autoload constant Short_url, expected C:/RAILS/Ejercicio_URL_Shorter/app/models/short_url.rb to define it):
  
app/controllers/short_urls_controller.rb:3:in `new'
Started GET "/short_urls/new" for 127.0.0.1 at 2017-05-16 18:30:32 +0200
Processing by ShortUrlsController#new as HTML
Completed 500 Internal Server Error in 3ms


  
LoadError (Unable to autoload constant Short_url, expected C:/RAILS/Ejercicio_URL_Shorter/app/models/short_url.rb to define it):
  
app/controllers/short_urls_controller.rb:3:in `new'
Started GET "/short_urls/new" for 127.0.0.1 at 2017-05-16 18:30:59 +0200
Processing by ShortUrlsController#new as HTML
Completed 500 Internal Server Error in 3ms


  
LoadError (Unable to autoload constant Short_url, expected C:/RAILS/Ejercicio_URL_Shorter/app/models/short_url.rb to define it):
  
app/controllers/short_urls_controller.rb:3:in `new'
Started GET "/short_urls/new" for 127.0.0.1 at 2017-05-16 18:31:48 +0200
Processing by ShortUrlsController#new as HTML
Completed 500 Internal Server Error in 3ms


  
LoadError (Unable to autoload constant Short_url, expected C:/RAILS/Ejercicio_URL_Shorter/app/models/short_url.rb to define it):
  
app/controllers/short_urls_controller.rb:3:in `new'
Started GET "/short_urls/new" for 127.0.0.1 at 2017-05-16 18:34:51 +0200
Processing by ShortUrlsController#new as HTML
Completed 500 Internal Server Error in 4ms


  
LoadError (Unable to autoload constant Short_url, expected C:/RAILS/Ejercicio_URL_Shorter/app/models/short_url.rb to define it):
  
app/controllers/short_urls_controller.rb:3:in `new'
Started GET "/short_urls/new" for 127.0.0.1 at 2017-05-16 18:37:00 +0200
Processing by ShortUrlsController#new as HTML
Completed 500 Internal Server Error in 3ms


  
LoadError (Unable to autoload constant Short_url, expected C:/RAILS/Ejercicio_URL_Shorter/app/models/short_url.rb to define it):
  
app/controllers/short_urls_controller.rb:3:in `new'
Started GET "/short_urls/new" for 127.0.0.1 at 2017-05-16 18:38:15 +0200
Processing by ShortUrlsController#new as HTML
Completed 500 Internal Server Error in 4ms


  
LoadError (Unable to autoload constant Short_url, expected C:/RAILS/Ejercicio_URL_Shorter/app/models/short_url.rb to define it):
  
app/controllers/short_urls_controller.rb:3:in `new'
Started GET "/short_urls/new" for 127.0.0.1 at 2017-05-16 18:40:22 +0200
Processing by ShortUrlsController#new as HTML
Completed 500 Internal Server Error in 3ms


  
LoadError (Unable to autoload constant Short_url, expected C:/RAILS/Ejercicio_URL_Shorter/app/models/short_url.rb to define it):
  
app/controllers/short_urls_controller.rb:3:in `new'
Started GET "/short_urls/new" for 127.0.0.1 at 2017-05-16 18:48:30 +0200
Processing by ShortUrlsController#new as HTML
Completed 500 Internal Server Error in 58ms


  
NameError (undefined local variable or method `short_urls' for #<ShortUrlsController:0x392b7b8>):
  
app/controllers/short_urls_controller.rb:3:in `new'
Started GET "/short_urls/new" for 127.0.0.1 at 2017-05-16 18:51:06 +0200
Processing by ShortUrlsController#new as HTML
Completed 500 Internal Server Error in 62ms


  
NameError (undefined local variable or method `short_url' for #<ShortUrlsController:0x926f9b8>):
  
app/controllers/short_urls_controller.rb:3:in `new'
Started GET "/short_urls/new" for 127.0.0.1 at 2017-05-16 18:51:20 +0200
Processing by ShortUrlsController#new as HTML
Completed 500 Internal Server Error in 56ms


  
NameError (undefined local variable or method `shortUrl' for #<ShortUrlsController:0x9412f68>):
  
app/controllers/short_urls_controller.rb:3:in `new'
Started GET "/short_urls/new" for 127.0.0.1 at 2017-05-16 18:55:59 +0200
Processing by ShortUrlsController#new as HTML
Completed 400 Bad Request in 4ms


  
ActionController::ParameterMissing (param is missing or the value is empty: short_url):
  
app/controllers/short_urls_controller.rb:13:in `short_url_params'
app/controllers/short_urls_controller.rb:3:in `new'
Started GET "/short_urls/new" for 127.0.0.1 at 2017-05-16 19:34:42 +0200
Processing by ShortUrlsController#new as HTML
Completed 400 Bad Request in 4ms


  
ActionController::ParameterMissing (param is missing or the value is empty: short_urls):
  
app/controllers/short_urls_controller.rb:13:in `short_url_params'
app/controllers/short_urls_controller.rb:3:in `new'
Started GET "/short_urls/new" for 127.0.0.1 at 2017-05-16 19:36:14 +0200
Processing by ShortUrlsController#new as HTML
Completed 400 Bad Request in 4ms


  
ActionController::ParameterMissing (param is missing or the value is empty: short_url):
  
app/controllers/short_urls_controller.rb:13:in `short_urls_params'
app/controllers/short_urls_controller.rb:3:in `new'
Started GET "/short_urls/new" for 127.0.0.1 at 2017-05-16 19:37:16 +0200
Processing by ShortUrlsController#new as HTML
Completed 400 Bad Request in 4ms


  
ActionController::ParameterMissing (param is missing or the value is empty: short_urls):
  
app/controllers/short_urls_controller.rb:13:in `short_urls_params'
app/controllers/short_urls_controller.rb:3:in `new'
Started GET "/short_urls/new" for 127.0.0.1 at 2017-05-16 19:41:47 +0200
Processing by ShortUrlsController#new as HTML
Completed 500 Internal Server Error in 55ms


  
NameError (undefined local variable or method `short_urls_params' for #<ShortUrlsController:0xbba7fa8>):
  
app/controllers/short_urls_controller.rb:3:in `new'
Started GET "/short_urls/new" for 127.0.0.1 at 2017-05-16 19:42:53 +0200
Processing by ShortUrlsController#new as HTML
Completed 400 Bad Request in 4ms


  
ActionController::ParameterMissing (param is missing or the value is empty: short_url):
  
app/controllers/short_urls_controller.rb:13:in `short_urls_params'
app/controllers/short_urls_controller.rb:3:in `new'
Started GET "/short_urls/new" for 127.0.0.1 at 2017-05-16 19:43:22 +0200
Processing by ShortUrlsController#new as HTML
Completed 400 Bad Request in 4ms


  
ActionController::ParameterMissing (param is missing or the value is empty: short_url):
  
app/controllers/short_urls_controller.rb:13:in `short_urls_params'
app/controllers/short_urls_controller.rb:3:in `new'
Started GET "/short_urls/new" for 127.0.0.1 at 2017-05-16 19:49:57 +0200
Processing by ShortUrlsController#new as HTML
Completed 400 Bad Request in 3ms


  
ActionController::ParameterMissing (param is missing or the value is empty: short_url):
  
app/controllers/short_urls_controller.rb:13:in `short_url_params'
app/controllers/short_urls_controller.rb:3:in `new'
Started GET "/short_urls/new" for 127.0.0.1 at 2017-05-16 19:51:11 +0200
Processing by ShortUrlsController#new as HTML
Completed 400 Bad Request in 7ms


  
ActionController::ParameterMissing (param is missing or the value is empty: short_url):
  
app/controllers/short_urls_controller.rb:13:in `short_urls_params'
app/controllers/short_urls_controller.rb:3:in `new'
Started GET "/short_urls/new" for 127.0.0.1 at 2017-05-16 19:52:22 +0200
Processing by ShortUrlsController#new as HTML
Completed 400 Bad Request in 3ms


  
ActionController::ParameterMissing (param is missing or the value is empty: short_urls):
  
app/controllers/short_urls_controller.rb:13:in `short_urls_params'
app/controllers/short_urls_controller.rb:3:in `new'
Started GET "/short_urls/new" for 127.0.0.1 at 2017-05-16 19:52:36 +0200
Processing by ShortUrlsController#new as HTML
Completed 400 Bad Request in 3ms


  
ActionController::ParameterMissing (param is missing or the value is empty: short_url):
  
app/controllers/short_urls_controller.rb:13:in `short_url_params'
app/controllers/short_urls_controller.rb:3:in `new'
Started GET "/short_urls/new" for 127.0.0.1 at 2017-05-17 10:21:48 +0200
  [1m[35m (0.0ms)[0m  [1m[34mSELECT "schema_migrations"."version" FROM "schema_migrations" ORDER BY "schema_migrations"."version" ASC[0m
Processing by ShortUrlsController#new as HTML
Completed 400 Bad Request in 12ms (ActiveRecord: 0.0ms)


  
ActionController::ParameterMissing (param is missing or the value is empty: short_url):
  
app/controllers/short_urls_controller.rb:13:in `short_url_params'
app/controllers/short_urls_controller.rb:3:in `new'
Started GET "/short_urls/new" for 127.0.0.1 at 2017-05-17 10:21:57 +0200
Processing by ShortUrlsController#new as HTML
Completed 400 Bad Request in 1ms (ActiveRecord: 0.0ms)


  
ActionController::ParameterMissing (param is missing or the value is empty: short_url):
  
app/controllers/short_urls_controller.rb:13:in `short_url_params'
app/controllers/short_urls_controller.rb:3:in `new'
Started GET "/short_urls/new" for 127.0.0.1 at 2017-05-17 11:14:48 +0200
Processing by ShortUrlsController#new as HTML
Completed 400 Bad Request in 0ms (ActiveRecord: 0.0ms)


  
ActionController::ParameterMissing (param is missing or the value is empty: short_url):
  
app/controllers/short_urls_controller.rb:13:in `short_url_params'
app/controllers/short_urls_controller.rb:3:in `new'
